\BOOKMARK [1][-]{section.1}{\376\377\000I\000n\000t\000r\000o\000d\000u\000c\000t\000i\000o\000n}{}% 1
\BOOKMARK [2][-]{subsection.1.1}{\376\377\000T\000h\000e\000\040\000C\000h\000a\000l\000l\000e\000n\000g\000e\000\040\000o\000f\000\040\000L\000o\000c\000a\000l\000\040\000L\000L\000M\000\040\000D\000e\000p\000l\000o\000y\000m\000e\000n\000t}{section.1}% 2
\BOOKMARK [2][-]{subsection.1.2}{\376\377\000T\000h\000e\000\040\000M\000i\000n\000i\000M\000a\000x\000\040\000M\0002\000.\0007\000\040\000O\000p\000p\000o\000r\000t\000u\000n\000i\000t\000y}{section.1}% 3
\BOOKMARK [2][-]{subsection.1.3}{\376\377\000T\000h\000e\000\040\000G\000M\000K\000t\000e\000c\000h\000\040\000M\0007\000\040\000P\000l\000a\000t\000f\000o\000r\000m}{section.1}% 4
\BOOKMARK [2][-]{subsection.1.4}{\376\377\000R\000e\000s\000e\000a\000r\000c\000h\000\040\000Q\000u\000e\000s\000t\000i\000o\000n\000s\000\040\000a\000n\000d\000\040\000C\000o\000n\000t\000r\000i\000b\000u\000t\000i\000o\000n\000s}{section.1}% 5
\BOOKMARK [2][-]{subsection.1.5}{\376\377\000P\000a\000p\000e\000r\000\040\000O\000r\000g\000a\000n\000i\000z\000a\000t\000i\000o\000n}{section.1}% 6
\BOOKMARK [2][-]{subsection.1.6}{\376\377\000T\000a\000r\000g\000e\000t\000\040\000P\000e\000r\000f\000o\000r\000m\000a\000n\000c\000e\000\040\000C\000r\000i\000t\000e\000r\000i\000a}{section.1}% 7
\BOOKMARK [2][-]{subsection.1.7}{\376\377\000B\000r\000o\000a\000d\000e\000r\000\040\000I\000m\000p\000a\000c\000t}{section.1}% 8
\BOOKMARK [2][-]{subsection.1.8}{\376\377\000R\000e\000l\000a\000t\000e\000d\000\040\000W\000o\000r\000k\000\040\000C\000o\000n\000t\000e\000x\000t}{section.1}% 9
\BOOKMARK [1][-]{section.2}{\376\377\000B\000a\000c\000k\000g\000r\000o\000u\000n\000d\000\040\000a\000n\000d\000\040\000P\000r\000e\000l\000i\000m\000i\000n\000a\000r\000i\000e\000s}{}% 10
\BOOKMARK [2][-]{subsection.2.1}{\376\377\000T\000r\000a\000n\000s\000f\000o\000r\000m\000e\000r\000\040\000A\000r\000c\000h\000i\000t\000e\000c\000t\000u\000r\000e\000\040\000F\000u\000n\000d\000a\000m\000e\000n\000t\000a\000l\000s}{section.2}% 11
\BOOKMARK [3][-]{subsubsection.2.1.1}{\376\377\000A\000t\000t\000e\000n\000t\000i\000o\000n\000\040\000M\000e\000c\000h\000a\000n\000i\000s\000m}{subsection.2.1}% 12
\BOOKMARK [3][-]{subsubsection.2.1.2}{\376\377\000K\000V\000\040\000C\000a\000c\000h\000e\000\040\000M\000e\000c\000h\000a\000n\000i\000c\000s}{subsection.2.1}% 13
\BOOKMARK [3][-]{subsubsection.2.1.3}{\376\377\000F\000e\000e\000d\000-\000F\000o\000r\000w\000a\000r\000d\000\040\000N\000e\000t\000w\000o\000r\000k}{subsection.2.1}% 14
\BOOKMARK [2][-]{subsection.2.2}{\376\377\000Q\000u\000a\000n\000t\000i\000z\000a\000t\000i\000o\000n\000\040\000M\000e\000t\000h\000o\000d\000s}{section.2}% 15
\BOOKMARK [3][-]{subsubsection.2.2.1}{\376\377\000U\000n\000i\000f\000o\000r\000m\000\040\000Q\000u\000a\000n\000t\000i\000z\000a\000t\000i\000o\000n}{subsection.2.2}% 16
\BOOKMARK [3][-]{subsubsection.2.2.2}{\376\377\000G\000G\000U\000F\000\040\000F\000o\000r\000m\000a\000t\000\040\000a\000n\000d\000\040\000k\000-\000q\000u\000a\000n\000t\000s}{subsection.2.2}% 17
\BOOKMARK [3][-]{subsubsection.2.2.3}{\376\377\000Q\000u\000a\000n\000t\000i\000z\000a\000t\000i\000o\000n\000-\000A\000w\000a\000r\000e\000\040\000T\000r\000a\000i\000n\000i\000n\000g\000\040\000v\000s\000\040\000P\000o\000s\000t\000-\000T\000r\000a\000i\000n\000i\000n\000g}{subsection.2.2}% 18
\BOOKMARK [2][-]{subsection.2.3}{\376\377\000K\000V\000\040\000C\000a\000c\000h\000e\000\040\000C\000o\000m\000p\000r\000e\000s\000s\000i\000o\000n\000\040\000T\000e\000c\000h\000n\000i\000q\000u\000e\000s}{section.2}% 19
\BOOKMARK [3][-]{subsubsection.2.3.1}{\376\377\000Q\000u\000a\000n\000t\000i\000z\000e\000d\000\040\000C\000a\000c\000h\000e}{subsection.2.3}% 20
\BOOKMARK [3][-]{subsubsection.2.3.2}{\376\377\000E\000v\000i\000c\000t\000i\000o\000n\000\040\000P\000o\000l\000i\000c\000i\000e\000s}{subsection.2.3}% 21
\BOOKMARK [3][-]{subsubsection.2.3.3}{\376\377\000C\000r\000o\000s\000s\000-\000L\000a\000y\000e\000r\000\040\000K\000V\000\040\000S\000h\000a\000r\000i\000n\000g}{subsection.2.3}% 22
\BOOKMARK [2][-]{subsection.2.4}{\376\377\000C\000P\000U\000\040\000I\000n\000f\000e\000r\000e\000n\000c\000e\000\040\000O\000p\000t\000i\000m\000i\000z\000a\000t\000i\000o\000n}{section.2}% 23
\BOOKMARK [3][-]{subsubsection.2.4.1}{\376\377\000S\000I\000M\000D\000\040\000U\000t\000i\000l\000i\000z\000a\000t\000i\000o\000n}{subsection.2.4}% 24
\BOOKMARK [3][-]{subsubsection.2.4.2}{\376\377\000M\000e\000m\000o\000r\000y\000\040\000B\000a\000n\000d\000w\000i\000d\000t\000h\000\040\000B\000o\000t\000t\000l\000e\000n\000e\000c\000k\000s}{subsection.2.4}% 25
\BOOKMARK [3][-]{subsubsection.2.4.3}{\376\377\000Q\000u\000a\000n\000t\000i\000z\000a\000t\000i\000o\000n\000\040\000f\000o\000r\000\040\000B\000a\000n\000d\000w\000i\000d\000t\000h\000\040\000R\000e\000d\000u\000c\000t\000i\000o\000n}{subsection.2.4}% 26
\BOOKMARK [2][-]{subsection.2.5}{\376\377\000L\000L\000M\000\040\000S\000e\000r\000v\000i\000n\000g\000\040\000S\000y\000s\000t\000e\000m\000s}{section.2}% 27
\BOOKMARK [3][-]{subsubsection.2.5.1}{\376\377\000l\000l\000a\000m\000a\000.\000c\000p\000p}{subsection.2.5}% 28
\BOOKMARK [3][-]{subsubsection.2.5.2}{\376\377\000v\000L\000L\000M}{subsection.2.5}% 29
\BOOKMARK [3][-]{subsubsection.2.5.3}{\376\377\000T\000e\000n\000s\000o\000r\000R\000T\000-\000L\000L\000M}{subsection.2.5}% 30
\BOOKMARK [2][-]{subsection.2.6}{\376\377\000E\000v\000a\000l\000u\000a\000t\000i\000o\000n\000\040\000M\000e\000t\000r\000i\000c\000s}{section.2}% 31
\BOOKMARK [3][-]{subsubsection.2.6.1}{\376\377\000P\000e\000r\000f\000o\000r\000m\000a\000n\000c\000e\000\040\000M\000e\000t\000r\000i\000c\000s}{subsection.2.6}% 32
\BOOKMARK [3][-]{subsubsection.2.6.2}{\376\377\000M\000e\000m\000o\000r\000y\000\040\000M\000e\000t\000r\000i\000c\000s}{subsection.2.6}% 33
\BOOKMARK [3][-]{subsubsection.2.6.3}{\376\377\000Q\000u\000a\000l\000i\000t\000y\000\040\000M\000e\000t\000r\000i\000c\000s}{subsection.2.6}% 34
\BOOKMARK [2][-]{subsection.2.7}{\376\377\000T\000h\000e\000\040\000E\000f\000f\000i\000c\000i\000e\000n\000c\000y\000-\000Q\000u\000a\000l\000i\000t\000y\000\040\000T\000r\000a\000d\000e\000-\000o\000f\000f}{section.2}% 35
\BOOKMARK [1][-]{section.3}{\376\377\000S\000y\000s\000t\000e\000m\000\040\000A\000r\000c\000h\000i\000t\000e\000c\000t\000u\000r\000e}{}% 36
\BOOKMARK [2][-]{subsection.3.1}{\376\377\000D\000e\000s\000i\000g\000n\000\040\000P\000r\000i\000n\000c\000i\000p\000l\000e\000s}{section.3}% 37
\BOOKMARK [2][-]{subsection.3.2}{\376\377\000H\000i\000g\000h\000-\000L\000e\000v\000e\000l\000\040\000A\000r\000c\000h\000i\000t\000e\000c\000t\000u\000r\000e}{section.3}% 38
\BOOKMARK [3][-]{subsubsection.3.2.1}{\376\377\000A\000P\000I\000\040\000L\000a\000y\000e\000r}{subsection.3.2}% 39
\BOOKMARK [3][-]{subsubsection.3.2.2}{\376\377\000I\000n\000f\000e\000r\000e\000n\000c\000e\000\040\000E\000n\000g\000i\000n\000e}{subsection.3.2}% 40
\BOOKMARK [3][-]{subsubsection.3.2.3}{\376\377\000B\000a\000c\000k\000e\000n\000d\000\040\000L\000a\000y\000e\000r}{subsection.3.2}% 41
\BOOKMARK [3][-]{subsubsection.3.2.4}{\376\377\000M\000e\000m\000o\000r\000y\000\040\000M\000a\000n\000a\000g\000e\000m\000e\000n\000t}{subsection.3.2}% 42
\BOOKMARK [3][-]{subsubsection.3.2.5}{\376\377\000C\000o\000n\000f\000i\000g\000u\000r\000a\000t\000i\000o\000n}{subsection.3.2}% 43
\BOOKMARK [2][-]{subsection.3.3}{\376\377\000M\000o\000d\000u\000l\000e\000\040\000I\000n\000t\000e\000r\000a\000c\000t\000i\000o\000n\000s}{section.3}% 44
\BOOKMARK [2][-]{subsection.3.4}{\376\377\000C\000o\000m\000p\000o\000n\000e\000n\000t\000\040\000S\000p\000e\000c\000i\000f\000i\000c\000a\000t\000i\000o\000n\000s}{section.3}% 45
\BOOKMARK [3][-]{subsubsection.3.4.1}{\376\377\000M\000i\000n\000i\000f\000o\000r\000g\000e\000\040\000C\000l\000a\000s\000s}{subsection.3.4}% 46
\BOOKMARK [3][-]{subsubsection.3.4.2}{\376\377\000I\000n\000f\000e\000r\000e\000n\000c\000e\000E\000n\000g\000i\000n\000e}{subsection.3.4}% 47
\BOOKMARK [3][-]{subsubsection.3.4.3}{\376\377\000M\000e\000m\000o\000r\000y\000M\000a\000n\000a\000g\000e\000r}{subsection.3.4}% 48
\BOOKMARK [2][-]{subsection.3.5}{\376\377\000A\000s\000y\000n\000c\000\040\000A\000r\000c\000h\000i\000t\000e\000c\000t\000u\000r\000e}{section.3}% 49
\BOOKMARK [2][-]{subsection.3.6}{\376\377\000E\000r\000r\000o\000r\000\040\000H\000a\000n\000d\000l\000i\000n\000g\000\040\000a\000n\000d\000\040\000R\000e\000c\000o\000v\000e\000r\000y}{section.3}% 50
\BOOKMARK [2][-]{subsection.3.7}{\376\377\000E\000x\000t\000e\000n\000s\000i\000o\000n\000\040\000P\000o\000i\000n\000t\000s}{section.3}% 51
\BOOKMARK [2][-]{subsection.3.8}{\376\377\000T\000h\000r\000e\000a\000d\000\040\000S\000a\000f\000e\000t\000y\000\040\000a\000n\000d\000\040\000C\000o\000n\000c\000u\000r\000r\000e\000n\000c\000y}{section.3}% 52
\BOOKMARK [1][-]{section.4}{\376\377\000H\000a\000r\000d\000w\000a\000r\000e\000-\000S\000p\000e\000c\000i\000f\000i\000c\000\040\000O\000p\000t\000i\000m\000i\000z\000a\000t\000i\000o\000n\000s}{}% 53
\BOOKMARK [2][-]{subsection.4.1}{\376\377\000A\000M\000D\000\040\000R\000y\000z\000e\000n\000\040\0007\000\040\000P\000R\000O\000\040\0006\0008\0005\0000\000H\000\040\000A\000n\000a\000l\000y\000s\000i\000s}{section.4}% 54
\BOOKMARK [3][-]{subsubsection.4.1.1}{\376\377\000M\000i\000c\000r\000o\000a\000r\000c\000h\000i\000t\000e\000c\000t\000u\000r\000e}{subsection.4.1}% 55
\BOOKMARK [3][-]{subsubsection.4.1.2}{\376\377\000M\000e\000m\000o\000r\000y\000\040\000S\000u\000b\000s\000y\000s\000t\000e\000m}{subsection.4.1}% 56
\BOOKMARK [3][-]{subsubsection.4.1.3}{\376\377\000C\000a\000c\000h\000e\000\040\000H\000i\000e\000r\000a\000r\000c\000h\000y\000\040\000E\000f\000f\000e\000c\000t\000s}{subsection.4.1}% 57
\BOOKMARK [2][-]{subsection.4.2}{\376\377\000P\000l\000a\000t\000f\000o\000r\000m\000-\000S\000p\000e\000c\000i\000f\000i\000c\000\040\000C\000o\000n\000f\000i\000g\000u\000r\000a\000t\000i\000o\000n}{section.4}% 58
\BOOKMARK [2][-]{subsection.4.3}{\376\377\000W\000S\000L\0002\000\040\000C\000o\000n\000s\000i\000d\000e\000r\000a\000t\000i\000o\000n\000s}{section.4}% 59
\BOOKMARK [3][-]{subsubsection.4.3.1}{\376\377\000M\000e\000m\000o\000r\000y\000\040\000M\000a\000n\000a\000g\000e\000m\000e\000n\000t}{subsection.4.3}% 60
\BOOKMARK [3][-]{subsubsection.4.3.2}{\376\377\000F\000i\000l\000e\000\040\000S\000y\000s\000t\000e\000m\000\040\000P\000e\000r\000f\000o\000r\000m\000a\000n\000c\000e}{subsection.4.3}% 61
\BOOKMARK [2][-]{subsection.4.4}{\376\377\000A\000M\000D\000-\000S\000p\000e\000c\000i\000f\000i\000c\000\040\000O\000p\000t\000i\000m\000i\000z\000a\000t\000i\000o\000n\000s}{section.4}% 62
\BOOKMARK [3][-]{subsubsection.4.4.1}{\376\377\000Z\000e\000n\000D\000N\000N\000\040\000I\000n\000t\000e\000g\000r\000a\000t\000i\000o\000n}{subsection.4.4}% 63
\BOOKMARK [3][-]{subsubsection.4.4.2}{\376\377\000A\000V\000X\0002\000\040\000K\000e\000r\000n\000e\000l\000\040\000S\000e\000l\000e\000c\000t\000i\000o\000n}{subsection.4.4}% 64
\BOOKMARK [2][-]{subsection.4.5}{\376\377\000P\000o\000w\000e\000r\000\040\000a\000n\000d\000\040\000T\000h\000e\000r\000m\000a\000l\000\040\000M\000a\000n\000a\000g\000e\000m\000e\000n\000t}{section.4}% 65
\BOOKMARK [2][-]{subsection.4.6}{\376\377\000U\000n\000i\000f\000i\000e\000d\000\040\000M\000e\000m\000o\000r\000y\000\040\000A\000r\000c\000h\000i\000t\000e\000c\000t\000u\000r\000e}{section.4}% 66
\BOOKMARK [2][-]{subsection.4.7}{\376\377\000P\000e\000r\000f\000o\000r\000m\000a\000n\000c\000e\000\040\000P\000r\000o\000f\000i\000l\000i\000n\000g}{section.4}% 67
\BOOKMARK [2][-]{subsection.4.8}{\376\377\000O\000p\000t\000i\000m\000a\000l\000\040\000T\000h\000r\000e\000a\000d\000\040\000C\000o\000n\000f\000i\000g\000u\000r\000a\000t\000i\000o\000n}{section.4}% 68
\BOOKMARK [2][-]{subsection.4.9}{\376\377\000B\000a\000t\000c\000h\000\040\000S\000i\000z\000e\000\040\000T\000u\000n\000i\000n\000g}{section.4}% 69
\BOOKMARK [1][-]{section.5}{\376\377\000M\000e\000m\000o\000r\000y\000\040\000M\000a\000n\000a\000g\000e\000m\000e\000n\000t\000\040\000F\000r\000a\000m\000e\000w\000o\000r\000k}{}% 70
\BOOKMARK [2][-]{subsection.5.1}{\376\377\000T\000h\000e\000\040\0002\0008\000G\000B\000\040\000C\000o\000n\000s\000t\000r\000a\000i\000n\000t}{section.5}% 71
\BOOKMARK [3][-]{subsubsection.5.1.1}{\376\377\000M\000e\000m\000o\000r\000y\000\040\000B\000u\000d\000g\000e\000t\000\040\000A\000n\000a\000l\000y\000s\000i\000s}{subsection.5.1}% 72
\BOOKMARK [2][-]{subsection.5.2}{\376\377\000A\000u\000t\000o\000m\000a\000t\000i\000c\000\040\000Q\000u\000a\000n\000t\000i\000z\000a\000t\000i\000o\000n\000\040\000S\000e\000l\000e\000c\000t\000i\000o\000n}{section.5}% 73
\BOOKMARK [3][-]{subsubsection.5.2.1}{\376\377\000S\000e\000l\000e\000c\000t\000i\000o\000n\000\040\000A\000l\000g\000o\000r\000i\000t\000h\000m}{subsection.5.2}% 74
\BOOKMARK [3][-]{subsubsection.5.2.2}{\376\377\000P\000r\000e\000f\000e\000r\000e\000n\000c\000e\000\040\000O\000r\000d\000e\000r\000i\000n\000g}{subsection.5.2}% 75
\BOOKMARK [2][-]{subsection.5.3}{\376\377\000D\000y\000n\000a\000m\000i\000c\000\040\000C\000o\000n\000t\000e\000x\000t\000\040\000W\000i\000n\000d\000o\000w\000\040\000C\000a\000l\000c\000u\000l\000a\000t\000i\000o\000n}{section.5}% 76
\BOOKMARK [3][-]{subsubsection.5.3.1}{\376\377\000K\000V\000\040\000C\000a\000c\000h\000e\000\040\000S\000i\000z\000e\000\040\000F\000o\000r\000m\000u\000l\000a}{subsection.5.3}% 77
\BOOKMARK [3][-]{subsubsection.5.3.2}{\376\377\000C\000o\000n\000t\000e\000x\000t\000\040\000S\000i\000z\000e\000\040\000C\000a\000l\000c\000u\000l\000a\000t\000i\000o\000n}{subsection.5.3}% 78
\BOOKMARK [2][-]{subsection.5.4}{\376\377\000S\000a\000f\000e\000t\000y\000\040\000M\000a\000r\000g\000i\000n\000s\000\040\000a\000n\000d\000\040\000L\000i\000m\000i\000t\000s}{section.5}% 79
\BOOKMARK [3][-]{subsubsection.5.4.1}{\376\377\000S\000a\000f\000e\000t\000y\000\040\000F\000a\000c\000t\000o\000r}{subsection.5.4}% 80
\BOOKMARK [3][-]{subsubsection.5.4.2}{\376\377\000H\000a\000r\000d\000\040\000L\000i\000m\000i\000t\000s}{subsection.5.4}% 81
\BOOKMARK [2][-]{subsection.5.5}{\376\377\000M\000e\000m\000o\000r\000y\000\040\000T\000r\000a\000c\000k\000i\000n\000g\000\040\000a\000n\000d\000\040\000S\000t\000a\000t\000i\000s\000t\000i\000c\000s}{section.5}% 82
\BOOKMARK [2][-]{subsection.5.6}{\376\377\000O\000p\000t\000i\000m\000a\000l\000\040\000S\000e\000t\000t\000i\000n\000g\000s\000\040\000G\000e\000n\000e\000r\000a\000t\000i\000o\000n}{section.5}% 83
\BOOKMARK [2][-]{subsection.5.7}{\376\377\000C\000o\000n\000t\000e\000x\000t\000\040\000F\000a\000l\000l\000b\000a\000c\000k\000\040\000S\000t\000r\000a\000t\000e\000g\000y}{section.5}% 84
\BOOKMARK [2][-]{subsection.5.8}{\376\377\000W\000o\000r\000k\000i\000n\000g\000\040\000M\000e\000m\000o\000r\000y\000\040\000R\000e\000s\000e\000r\000v\000a\000t\000i\000o\000n}{section.5}% 85
\BOOKMARK [2][-]{subsection.5.9}{\376\377\000M\000e\000m\000o\000r\000y\000\040\000P\000r\000o\000f\000i\000l\000i\000n\000g\000\040\000a\000n\000d\000\040\000D\000i\000a\000g\000n\000o\000s\000t\000i\000c\000s}{section.5}% 86
\BOOKMARK [2][-]{subsection.5.10}{\376\377\000M\000e\000m\000o\000r\000y\000\040\000E\000f\000f\000i\000c\000i\000e\000n\000c\000y\000\040\000S\000c\000o\000r\000e}{section.5}% 87
\BOOKMARK [1][-]{section.6}{\376\377\000Q\000u\000a\000n\000t\000i\000z\000a\000t\000i\000o\000n\000\040\000S\000t\000r\000a\000t\000e\000g\000i\000e\000s}{}% 88
\BOOKMARK [2][-]{subsection.6.1}{\376\377\000Q\000u\000a\000n\000t\000i\000z\000a\000t\000i\000o\000n\000\040\000M\000e\000t\000h\000o\000d\000o\000l\000o\000g\000y}{section.6}% 89
\BOOKMARK [3][-]{subsubsection.6.1.1}{\376\377\000W\000e\000i\000g\000h\000t\000\040\000Q\000u\000a\000n\000t\000i\000z\000a\000t\000i\000o\000n\000\040\000I\000m\000p\000a\000c\000t}{subsection.6.1}% 90
\BOOKMARK [2][-]{subsection.6.2}{\376\377\000G\000G\000U\000F\000\040\000k\000-\000q\000u\000a\000n\000t\000\040\000A\000n\000a\000l\000y\000s\000i\000s}{section.6}% 91
\BOOKMARK [3][-]{subsubsection.6.2.1}{\376\377\000Q\0004\000\137\000K\000\137\000M\000\040\000\050\000P\000r\000i\000m\000a\000r\000y\000\040\000R\000e\000c\000o\000m\000m\000e\000n\000d\000a\000t\000i\000o\000n\000\051}{subsection.6.2}% 92
\BOOKMARK [3][-]{subsubsection.6.2.2}{\376\377\000Q\0005\000\137\000K\000\137\000M\000\040\000\050\000Q\000u\000a\000l\000i\000t\000y\000-\000C\000r\000i\000t\000i\000c\000a\000l\000\051}{subsection.6.2}% 93
\BOOKMARK [3][-]{subsubsection.6.2.3}{\376\377\000Q\0006\000\137\000K\000\040\000\050\000H\000i\000g\000h\000\040\000Q\000u\000a\000l\000i\000t\000y\000\051}{subsection.6.2}% 94
\BOOKMARK [3][-]{subsubsection.6.2.4}{\376\377\000Q\0003\000\137\000K\000\137\000M\000\040\000\050\000A\000g\000g\000r\000e\000s\000s\000i\000v\000e\000\040\000C\000o\000m\000p\000r\000e\000s\000s\000i\000o\000n\000\051}{subsection.6.2}% 95
\BOOKMARK [2][-]{subsection.6.3}{\376\377\000Q\000u\000a\000l\000i\000t\000y\000\040\000E\000v\000a\000l\000u\000a\000t\000i\000o\000n\000\040\000M\000e\000t\000h\000o\000d\000o\000l\000o\000g\000y}{section.6}% 96
\BOOKMARK [3][-]{subsubsection.6.3.1}{\376\377\000P\000e\000r\000p\000l\000e\000x\000i\000t\000y\000\040\000C\000o\000m\000p\000a\000r\000i\000s\000o\000n}{subsection.6.3}% 97
\BOOKMARK [3][-]{subsubsection.6.3.2}{\376\377\000T\000a\000s\000k\000-\000B\000a\000s\000e\000d\000\040\000E\000v\000a\000l\000u\000a\000t\000i\000o\000n}{subsection.6.3}% 98
\BOOKMARK [3][-]{subsubsection.6.3.3}{\376\377\000H\000u\000m\000a\000n\000\040\000E\000v\000a\000l\000u\000a\000t\000i\000o\000n\000\040\000P\000r\000o\000t\000o\000c\000o\000l}{subsection.6.3}% 99
\BOOKMARK [2][-]{subsection.6.4}{\376\377\000Q\000u\000a\000n\000t\000i\000z\000a\000t\000i\000o\000n\000\040\000R\000e\000s\000u\000l\000t\000s}{section.6}% 100
\BOOKMARK [2][-]{subsection.6.5}{\376\377\000R\000e\000c\000o\000m\000m\000e\000n\000d\000a\000t\000i\000o\000n\000\040\000F\000r\000a\000m\000e\000w\000o\000r\000k}{section.6}% 101
\BOOKMARK [2][-]{subsection.6.6}{\376\377\000M\000i\000x\000e\000d\000\040\000P\000r\000e\000c\000i\000s\000i\000o\000n\000\040\000C\000o\000n\000s\000i\000d\000e\000r\000a\000t\000i\000o\000n\000s}{section.6}% 102
\BOOKMARK [3][-]{subsubsection.6.6.1}{\376\377\000L\000a\000y\000e\000r\000-\000w\000i\000s\000e\000\040\000P\000r\000e\000c\000i\000s\000i\000o\000n}{subsection.6.6}% 103
\BOOKMARK [2][-]{subsection.6.7}{\376\377\000Q\000u\000a\000n\000t\000i\000z\000a\000t\000i\000o\000n\000\040\000A\000r\000t\000i\000f\000a\000c\000t\000s}{section.6}% 104
\BOOKMARK [3][-]{subsubsection.6.7.1}{\376\377\000T\000o\000k\000e\000n\000\040\000R\000e\000p\000e\000t\000i\000t\000i\000o\000n}{subsection.6.7}% 105
\BOOKMARK [3][-]{subsubsection.6.7.2}{\376\377\000C\000o\000n\000f\000i\000d\000e\000n\000c\000e\000\040\000C\000a\000l\000i\000b\000r\000a\000t\000i\000o\000n}{subsection.6.7}% 106
\BOOKMARK [2][-]{subsection.6.8}{\376\377\000C\000o\000n\000v\000e\000r\000s\000i\000o\000n\000\040\000P\000i\000p\000e\000l\000i\000n\000e}{section.6}% 107
\BOOKMARK [1][-]{section.7}{\376\377\000K\000V\000\040\000C\000a\000c\000h\000e\000\040\000C\000o\000m\000p\000r\000e\000s\000s\000i\000o\000n\000\040\000w\000i\000t\000h\000\040\000T\000u\000r\000b\000o\000Q\000u\000a\000n\000t}{}% 108
\BOOKMARK [2][-]{subsection.7.1}{\376\377\000T\000h\000e\000\040\000K\000V\000\040\000C\000a\000c\000h\000e\000\040\000B\000o\000t\000t\000l\000e\000n\000e\000c\000k}{section.7}% 109
\BOOKMARK [2][-]{subsection.7.2}{\376\377\000T\000u\000r\000b\000o\000Q\000u\000a\000n\000t\000\040\000M\000e\000t\000h\000o\000d\000o\000l\000o\000g\000y}{section.7}% 110
\BOOKMARK [3][-]{subsubsection.7.2.1}{\376\377\000Q\000u\000a\000n\000t\000i\000z\000a\000t\000i\000o\000n\000\040\000S\000c\000h\000e\000m\000e}{subsection.7.2}% 111
\BOOKMARK [3][-]{subsubsection.7.2.2}{\376\377\0003\000-\000b\000i\000t\000\040\000I\000m\000p\000l\000e\000m\000e\000n\000t\000a\000t\000i\000o\000n\000\040\000\050\000T\000u\000r\000b\000o\0003\000\051}{subsection.7.2}% 112
\BOOKMARK [2][-]{subsection.7.3}{\376\377\000A\000c\000c\000u\000r\000a\000c\000y\000\040\000A\000n\000a\000l\000y\000s\000i\000s}{section.7}% 113
\BOOKMARK [3][-]{subsubsection.7.3.1}{\376\377\000N\000e\000e\000d\000l\000e\000-\000i\000n\000-\000H\000a\000y\000s\000t\000a\000c\000k\000\040\000T\000e\000s\000t}{subsection.7.3}% 114
\BOOKMARK [3][-]{subsubsection.7.3.2}{\376\377\000D\000e\000p\000t\000h\000-\000D\000e\000p\000e\000n\000d\000e\000n\000t\000\040\000A\000n\000a\000l\000y\000s\000i\000s}{subsection.7.3}% 115
\BOOKMARK [2][-]{subsection.7.4}{\376\377\000P\000e\000r\000p\000l\000e\000x\000i\000t\000y\000\040\000I\000m\000p\000a\000c\000t}{section.7}% 116
\BOOKMARK [2][-]{subsection.7.5}{\376\377\000F\000l\000a\000s\000h\000\040\000A\000t\000t\000e\000n\000t\000i\000o\000n\000\040\000I\000n\000t\000e\000g\000r\000a\000t\000i\000o\000n}{section.7}% 117
\BOOKMARK [2][-]{subsection.7.6}{\376\377\000C\000o\000n\000t\000e\000x\000t\000\040\000L\000e\000n\000g\000t\000h\000\040\000S\000t\000r\000a\000t\000e\000g\000y}{section.7}% 118
\BOOKMARK [3][-]{subsubsection.7.6.1}{\376\377\000D\000y\000n\000a\000m\000i\000c\000\040\000C\000o\000n\000t\000e\000x\000t\000\040\000S\000i\000z\000i\000n\000g}{subsection.7.6}% 119
\BOOKMARK [2][-]{subsection.7.7}{\376\377\000M\000u\000l\000t\000i\000-\000S\000e\000q\000u\000e\000n\000c\000e\000\040\000M\000e\000m\000o\000r\000y\000\040\000S\000h\000a\000r\000i\000n\000g}{section.7}% 120
\BOOKMARK [2][-]{subsection.7.8}{\376\377\000C\000a\000c\000h\000e\000\040\000E\000v\000i\000c\000t\000i\000o\000n\000\040\000P\000o\000l\000i\000c\000i\000e\000s\000\040\000\050\000F\000u\000t\000u\000r\000e\000\040\000W\000o\000r\000k\000\051}{section.7}% 121
\BOOKMARK [3][-]{subsubsection.7.8.1}{\376\377\000H\0002\000O\000\040\000\050\000H\000e\000a\000v\000y\000-\000H\000i\000t\000t\000e\000r\000\040\000O\000r\000a\000c\000l\000e\000\051}{subsection.7.8}% 122
\BOOKMARK [3][-]{subsubsection.7.8.2}{\376\377\000S\000t\000r\000e\000a\000m\000i\000n\000g\000L\000L\000M}{subsection.7.8}% 123
\BOOKMARK [2][-]{subsection.7.9}{\376\377\000M\000e\000a\000s\000u\000r\000e\000m\000e\000n\000t\000\040\000a\000n\000d\000\040\000M\000o\000n\000i\000t\000o\000r\000i\000n\000g}{section.7}% 124
\BOOKMARK [2][-]{subsection.7.10}{\376\377\000P\000e\000r\000f\000o\000r\000m\000a\000n\000c\000e\000\040\000C\000h\000a\000r\000a\000c\000t\000e\000r\000i\000s\000t\000i\000c\000s}{section.7}% 125
\BOOKMARK [1][-]{section.8}{\376\377\000I\000n\000f\000e\000r\000e\000n\000c\000e\000\040\000B\000a\000c\000k\000e\000n\000d\000s}{}% 126
\BOOKMARK [2][-]{subsection.8.1}{\376\377\000B\000a\000c\000k\000e\000n\000d\000\040\000A\000r\000c\000h\000i\000t\000e\000c\000t\000u\000r\000e}{section.8}% 127
\BOOKMARK [3][-]{subsubsection.8.1.1}{\376\377\000B\000a\000c\000k\000e\000n\000d\000\040\000I\000n\000t\000e\000r\000f\000a\000c\000e}{subsection.8.1}% 128
\BOOKMARK [2][-]{subsection.8.2}{\376\377\000l\000l\000a\000m\000a\000.\000c\000p\000p\000\040\000B\000a\000c\000k\000e\000n\000d}{section.8}% 129
\BOOKMARK [3][-]{subsubsection.8.2.1}{\376\377\000K\000e\000y\000\040\000F\000e\000a\000t\000u\000r\000e\000s}{subsection.8.2}% 130
\BOOKMARK [3][-]{subsubsection.8.2.2}{\376\377\000C\000o\000n\000f\000i\000g\000u\000r\000a\000t\000i\000o\000n\000\040\000O\000p\000t\000i\000o\000n\000s}{subsection.8.2}% 131
\BOOKMARK [3][-]{subsubsection.8.2.3}{\376\377\000C\000o\000n\000t\000e\000x\000t\000\040\000F\000a\000l\000l\000b\000a\000c\000k}{subsection.8.2}% 132
\BOOKMARK [2][-]{subsection.8.3}{\376\377\000T\000r\000a\000n\000s\000f\000o\000r\000m\000e\000r\000s\000\040\000B\000a\000c\000k\000e\000n\000d}{section.8}% 133
\BOOKMARK [3][-]{subsubsection.8.3.1}{\376\377\000U\000s\000e\000\040\000C\000a\000s\000e\000s}{subsection.8.3}% 134
\BOOKMARK [3][-]{subsubsection.8.3.2}{\376\377\000C\000o\000n\000f\000i\000g\000u\000r\000a\000t\000i\000o\000n}{subsection.8.3}% 135
\BOOKMARK [3][-]{subsubsection.8.3.3}{\376\377\000P\000e\000r\000f\000o\000r\000m\000a\000n\000c\000e\000\040\000C\000o\000m\000p\000a\000r\000i\000s\000o\000n}{subsection.8.3}% 136
\BOOKMARK [2][-]{subsection.8.4}{\376\377\000B\000a\000c\000k\000e\000n\000d\000\040\000S\000e\000l\000e\000c\000t\000i\000o\000n\000\040\000S\000t\000r\000a\000t\000e\000g\000y}{section.8}% 137
\BOOKMARK [2][-]{subsection.8.5}{\376\377\000B\000a\000c\000k\000e\000n\000d\000\040\000F\000a\000l\000l\000b\000a\000c\000k\000\040\000M\000e\000c\000h\000a\000n\000i\000s\000m}{section.8}% 138
\BOOKMARK [2][-]{subsection.8.6}{\376\377\000U\000n\000i\000f\000i\000e\000d\000\040\000A\000P\000I\000\040\000B\000e\000n\000e\000f\000i\000t\000s}{section.8}% 139
\BOOKMARK [2][-]{subsection.8.7}{\376\377\000F\000u\000t\000u\000r\000e\000\040\000B\000a\000c\000k\000e\000n\000d\000\040\000E\000x\000t\000e\000n\000s\000i\000o\000n\000s}{section.8}% 140
\BOOKMARK [1][-]{section.9}{\376\377\000I\000m\000p\000l\000e\000m\000e\000n\000t\000a\000t\000i\000o\000n\000\040\000D\000e\000t\000a\000i\000l\000s}{}% 141
\BOOKMARK [2][-]{subsection.9.1}{\376\377\000C\000o\000d\000e\000\040\000O\000r\000g\000a\000n\000i\000z\000a\000t\000i\000o\000n}{section.9}% 142
\BOOKMARK [2][-]{subsection.9.2}{\376\377\000A\000s\000y\000n\000c\000\040\000I\000m\000p\000l\000e\000m\000e\000n\000t\000a\000t\000i\000o\000n}{section.9}% 143
\BOOKMARK [3][-]{subsubsection.9.2.1}{\376\377\000T\000h\000r\000e\000a\000d\000\040\000P\000o\000o\000l\000\040\000D\000e\000l\000e\000g\000a\000t\000i\000o\000n}{subsection.9.2}% 144
\BOOKMARK [3][-]{subsubsection.9.2.2}{\376\377\000S\000t\000r\000e\000a\000m\000i\000n\000g\000\040\000w\000i\000t\000h\000\040\000A\000s\000y\000n\000c\000\040\000G\000e\000n\000e\000r\000a\000t\000o\000r\000s}{subsection.9.2}% 145
\BOOKMARK [2][-]{subsection.9.3}{\376\377\000C\000o\000n\000f\000i\000g\000u\000r\000a\000t\000i\000o\000n\000\040\000M\000a\000n\000a\000g\000e\000m\000e\000n\000t}{section.9}% 146
\BOOKMARK [2][-]{subsection.9.4}{\376\377\000E\000r\000r\000o\000r\000\040\000H\000a\000n\000d\000l\000i\000n\000g}{section.9}% 147
\BOOKMARK [2][-]{subsection.9.5}{\376\377\000M\000e\000m\000o\000r\000y\000\040\000M\000a\000n\000a\000g\000e\000m\000e\000n\000t\000\040\000I\000m\000p\000l\000e\000m\000e\000n\000t\000a\000t\000i\000o\000n}{section.9}% 148
\BOOKMARK [2][-]{subsection.9.6}{\376\377\000T\000o\000o\000l\000\040\000C\000a\000l\000l\000i\000n\000g\000\040\000I\000m\000p\000l\000e\000m\000e\000n\000t\000a\000t\000i\000o\000n}{section.9}% 149
\BOOKMARK [2][-]{subsection.9.7}{\376\377\000V\000i\000s\000i\000o\000n\000\040\000P\000r\000o\000c\000e\000s\000s\000i\000n\000g}{section.9}% 150
\BOOKMARK [2][-]{subsection.9.8}{\376\377\000T\000y\000p\000e\000\040\000S\000a\000f\000e\000t\000y}{section.9}% 151
\BOOKMARK [2][-]{subsection.9.9}{\376\377\000T\000e\000s\000t\000i\000n\000g\000\040\000S\000t\000r\000a\000t\000e\000g\000y}{section.9}% 152
\BOOKMARK [2][-]{subsection.9.10}{\376\377\000D\000o\000c\000u\000m\000e\000n\000t\000a\000t\000i\000o\000n}{section.9}% 153
\BOOKMARK [1][-]{section.10}{\376\377\000B\000e\000n\000c\000h\000m\000a\000r\000k\000\040\000M\000e\000t\000h\000o\000d\000o\000l\000o\000g\000y}{}% 154
\BOOKMARK [2][-]{subsection.10.1}{\376\377\000B\000e\000n\000c\000h\000m\000a\000r\000k\000\040\000S\000u\000i\000t\000e\000\040\000O\000v\000e\000r\000v\000i\000e\000w}{section.10}% 155
\BOOKMARK [2][-]{subsection.10.2}{\376\377\000P\000e\000r\000f\000o\000r\000m\000a\000n\000c\000e\000\040\000B\000e\000n\000c\000h\000m\000a\000r\000k\000s}{section.10}% 156
\BOOKMARK [3][-]{subsubsection.10.2.1}{\376\377\000T\000o\000k\000e\000n\000\040\000T\000h\000r\000o\000u\000g\000h\000p\000u\000t}{subsection.10.2}% 157
\BOOKMARK [3][-]{subsubsection.10.2.2}{\376\377\000T\000i\000m\000e\000-\000t\000o\000-\000F\000i\000r\000s\000t\000-\000T\000o\000k\000e\000n\000\040\000\050\000T\000T\000F\000T\000\051}{subsection.10.2}% 158
\BOOKMARK [3][-]{subsubsection.10.2.3}{\376\377\000I\000n\000t\000e\000r\000-\000T\000o\000k\000e\000n\000\040\000L\000a\000t\000e\000n\000c\000y\000\040\000\050\000I\000T\000L\000\051}{subsection.10.2}% 159
\BOOKMARK [3][-]{subsubsection.10.2.4}{\376\377\000P\000r\000o\000m\000p\000t\000\040\000P\000r\000o\000c\000e\000s\000s\000i\000n\000g}{subsection.10.2}% 160
\BOOKMARK [2][-]{subsection.10.3}{\376\377\000M\000e\000m\000o\000r\000y\000\040\000B\000e\000n\000c\000h\000m\000a\000r\000k\000s}{section.10}% 161
\BOOKMARK [3][-]{subsubsection.10.3.1}{\376\377\000M\000e\000m\000o\000r\000y\000\040\000O\000v\000e\000r\000h\000e\000a\000d\000\040\000b\000y\000\040\000C\000o\000n\000t\000e\000x\000t}{subsection.10.3}% 162
\BOOKMARK [3][-]{subsubsection.10.3.2}{\376\377\000M\000e\000m\000o\000r\000y\000\040\000E\000f\000f\000i\000c\000i\000e\000n\000c\000y\000\040\000S\000c\000o\000r\000e}{subsection.10.3}% 163
\BOOKMARK [3][-]{subsubsection.10.3.3}{\376\377\000G\000e\000n\000e\000r\000a\000t\000i\000o\000n\000\040\000M\000e\000m\000o\000r\000y\000\040\000S\000t\000a\000b\000i\000l\000i\000t\000y}{subsection.10.3}% 164
\BOOKMARK [2][-]{subsection.10.4}{\376\377\000C\000o\000n\000t\000e\000x\000t\000\040\000B\000e\000n\000c\000h\000m\000a\000r\000k\000s}{section.10}% 165
\BOOKMARK [3][-]{subsubsection.10.4.1}{\376\377\000N\000e\000e\000d\000l\000e\000-\000i\000n\000-\000H\000a\000y\000s\000t\000a\000c\000k}{subsection.10.4}% 166
\BOOKMARK [3][-]{subsubsection.10.4.2}{\376\377\000M\000u\000l\000t\000i\000-\000N\000e\000e\000d\000l\000e\000\040\000R\000e\000t\000r\000i\000e\000v\000a\000l}{subsection.10.4}% 167
\BOOKMARK [3][-]{subsubsection.10.4.3}{\376\377\000M\000a\000x\000i\000m\000u\000m\000\040\000C\000o\000n\000t\000e\000x\000t\000\040\000T\000e\000s\000t}{subsection.10.4}% 168
\BOOKMARK [2][-]{subsection.10.5}{\376\377\000Q\000u\000a\000l\000i\000t\000y\000\040\000B\000e\000n\000c\000h\000m\000a\000r\000k\000s}{section.10}% 169
\BOOKMARK [3][-]{subsubsection.10.5.1}{\376\377\000Q\000u\000e\000s\000t\000i\000o\000n\000\040\000A\000n\000s\000w\000e\000r\000i\000n\000g}{subsection.10.5}% 170
\BOOKMARK [3][-]{subsubsection.10.5.2}{\376\377\000M\000a\000t\000h\000e\000m\000a\000t\000i\000c\000a\000l\000\040\000R\000e\000a\000s\000o\000n\000i\000n\000g}{subsection.10.5}% 171
\BOOKMARK [3][-]{subsubsection.10.5.3}{\376\377\000S\000u\000m\000m\000a\000r\000i\000z\000a\000t\000i\000o\000n}{subsection.10.5}% 172
\BOOKMARK [3][-]{subsubsection.10.5.4}{\376\377\000I\000n\000s\000t\000r\000u\000c\000t\000i\000o\000n\000\040\000F\000o\000l\000l\000o\000w\000i\000n\000g}{subsection.10.5}% 173
\BOOKMARK [3][-]{subsubsection.10.5.5}{\376\377\000C\000o\000h\000e\000r\000e\000n\000c\000e}{subsection.10.5}% 174
\BOOKMARK [2][-]{subsection.10.6}{\376\377\000B\000e\000n\000c\000h\000m\000a\000r\000k\000\040\000I\000n\000f\000r\000a\000s\000t\000r\000u\000c\000t\000u\000r\000e}{section.10}% 175
\BOOKMARK [3][-]{subsubsection.10.6.1}{\376\377\000A\000u\000t\000o\000m\000a\000t\000e\000d\000\040\000T\000e\000s\000t\000\040\000R\000u\000n\000n\000e\000r}{subsection.10.6}% 176
\BOOKMARK [3][-]{subsubsection.10.6.2}{\376\377\000R\000e\000s\000u\000l\000t\000\040\000S\000t\000o\000r\000a\000g\000e}{subsection.10.6}% 177
\BOOKMARK [3][-]{subsubsection.10.6.3}{\376\377\000V\000i\000s\000u\000a\000l\000i\000z\000a\000t\000i\000o\000n}{subsection.10.6}% 178
\BOOKMARK [2][-]{subsection.10.7}{\376\377\000S\000t\000a\000t\000i\000s\000t\000i\000c\000a\000l\000\040\000M\000e\000t\000h\000o\000d\000o\000l\000o\000g\000y}{section.10}% 179
\BOOKMARK [3][-]{subsubsection.10.7.1}{\376\377\000S\000a\000m\000p\000l\000e\000\040\000S\000i\000z\000e}{subsection.10.7}% 180
\BOOKMARK [3][-]{subsubsection.10.7.2}{\376\377\000O\000u\000t\000l\000i\000e\000r\000\040\000H\000a\000n\000d\000l\000i\000n\000g}{subsection.10.7}% 181
\BOOKMARK [3][-]{subsubsection.10.7.3}{\376\377\000R\000e\000p\000r\000o\000d\000u\000c\000i\000b\000i\000l\000i\000t\000y}{subsection.10.7}% 182
\BOOKMARK [1][-]{section.11}{\376\377\000E\000x\000p\000e\000r\000i\000m\000e\000n\000t\000a\000l\000\040\000S\000e\000t\000u\000p}{}% 183
\BOOKMARK [2][-]{subsection.11.1}{\376\377\000H\000a\000r\000d\000w\000a\000r\000e\000\040\000P\000l\000a\000t\000f\000o\000r\000m}{section.11}% 184
\BOOKMARK [3][-]{subsubsection.11.1.1}{\376\377\000S\000y\000s\000t\000e\000m\000\040\000S\000p\000e\000c\000i\000f\000i\000c\000a\000t\000i\000o\000n\000s}{subsection.11.1}% 185
\BOOKMARK [3][-]{subsubsection.11.1.2}{\376\377\000P\000o\000w\000e\000r\000\040\000P\000r\000o\000f\000i\000l\000e}{subsection.11.1}% 186
\BOOKMARK [2][-]{subsection.11.2}{\376\377\000S\000o\000f\000t\000w\000a\000r\000e\000\040\000E\000n\000v\000i\000r\000o\000n\000m\000e\000n\000t}{section.11}% 187
\BOOKMARK [3][-]{subsubsection.11.2.1}{\376\377\000P\000y\000t\000h\000o\000n\000\040\000E\000n\000v\000i\000r\000o\000n\000m\000e\000n\000t}{subsection.11.2}% 188
\BOOKMARK [3][-]{subsubsection.11.2.2}{\376\377\000K\000e\000y\000\040\000D\000e\000p\000e\000n\000d\000e\000n\000c\000i\000e\000s}{subsection.11.2}% 189
\BOOKMARK [3][-]{subsubsection.11.2.3}{\376\377\000C\000o\000m\000p\000i\000l\000a\000t\000i\000o\000n\000\040\000F\000l\000a\000g\000s}{subsection.11.2}% 190
\BOOKMARK [2][-]{subsection.11.3}{\376\377\000M\000o\000d\000e\000l\000\040\000C\000o\000n\000f\000i\000g\000u\000r\000a\000t\000i\000o\000n}{section.11}% 191
\BOOKMARK [3][-]{subsubsection.11.3.1}{\376\377\000M\000i\000n\000i\000M\000a\000x\000\040\000M\0002\000.\0007}{subsection.11.3}% 192
\BOOKMARK [3][-]{subsubsection.11.3.2}{\376\377\000Q\000u\000a\000n\000t\000i\000z\000a\000t\000i\000o\000n\000\040\000S\000e\000t\000t\000i\000n\000g\000s}{subsection.11.3}% 193
\BOOKMARK [2][-]{subsection.11.4}{\376\377\000M\000e\000a\000s\000u\000r\000e\000m\000e\000n\000t\000\040\000T\000o\000o\000l\000s}{section.11}% 194
\BOOKMARK [3][-]{subsubsection.11.4.1}{\376\377\000P\000e\000r\000f\000o\000r\000m\000a\000n\000c\000e\000\040\000M\000e\000a\000s\000u\000r\000e\000m\000e\000n\000t}{subsection.11.4}% 195
\BOOKMARK [3][-]{subsubsection.11.4.2}{\376\377\000S\000y\000s\000t\000e\000m\000\040\000M\000o\000n\000i\000t\000o\000r\000i\000n\000g}{subsection.11.4}% 196
\BOOKMARK [2][-]{subsection.11.5}{\376\377\000E\000x\000p\000e\000r\000i\000m\000e\000n\000t\000a\000l\000\040\000P\000r\000o\000c\000e\000d\000u\000r\000e}{section.11}% 197
\BOOKMARK [3][-]{subsubsection.11.5.1}{\376\377\000P\000r\000e\000-\000e\000x\000p\000e\000r\000i\000m\000e\000n\000t\000\040\000S\000e\000t\000u\000p}{subsection.11.5}% 198
\BOOKMARK [3][-]{subsubsection.11.5.2}{\376\377\000T\000e\000s\000t\000\040\000E\000x\000e\000c\000u\000t\000i\000o\000n}{subsection.11.5}% 199
\BOOKMARK [3][-]{subsubsection.11.5.3}{\376\377\000R\000e\000p\000e\000t\000i\000t\000i\000o\000n}{subsection.11.5}% 200
\BOOKMARK [2][-]{subsection.11.6}{\376\377\000C\000o\000n\000t\000r\000o\000l\000\040\000V\000a\000r\000i\000a\000b\000l\000e\000s}{section.11}% 201
\BOOKMARK [3][-]{subsubsection.11.6.1}{\376\377\000F\000i\000x\000e\000d\000\040\000P\000a\000r\000a\000m\000e\000t\000e\000r\000s}{subsection.11.6}% 202
\BOOKMARK [3][-]{subsubsection.11.6.2}{\376\377\000C\000o\000n\000t\000r\000o\000l\000l\000e\000d\000\040\000F\000a\000c\000t\000o\000r\000s}{subsection.11.6}% 203
\BOOKMARK [2][-]{subsection.11.7}{\376\377\000B\000a\000s\000e\000l\000i\000n\000e\000\040\000C\000o\000m\000p\000a\000r\000i\000s\000o\000n\000s}{section.11}% 204
\BOOKMARK [2][-]{subsection.11.8}{\376\377\000D\000a\000t\000a\000\040\000C\000o\000l\000l\000e\000c\000t\000i\000o\000n}{section.11}% 205
\BOOKMARK [1][-]{section.12}{\376\377\000R\000e\000s\000u\000l\000t\000s}{}% 206
\BOOKMARK [2][-]{subsection.12.1}{\376\377\000P\000e\000r\000f\000o\000r\000m\000a\000n\000c\000e\000\040\000R\000e\000s\000u\000l\000t\000s}{section.12}% 207
\BOOKMARK [3][-]{subsubsection.12.1.1}{\376\377\000T\000o\000k\000e\000n\000\040\000G\000e\000n\000e\000r\000a\000t\000i\000o\000n\000\040\000T\000h\000r\000o\000u\000g\000h\000p\000u\000t}{subsection.12.1}% 208
\BOOKMARK [3][-]{subsubsection.12.1.2}{\376\377\000L\000a\000t\000e\000n\000c\000y\000\040\000M\000e\000t\000r\000i\000c\000s}{subsection.12.1}% 209
\BOOKMARK [3][-]{subsubsection.12.1.3}{\376\377\000P\000r\000o\000m\000p\000t\000\040\000P\000r\000o\000c\000e\000s\000s\000i\000n\000g}{subsection.12.1}% 210
\BOOKMARK [2][-]{subsection.12.2}{\376\377\000M\000e\000m\000o\000r\000y\000\040\000R\000e\000s\000u\000l\000t\000s}{section.12}% 211
\BOOKMARK [3][-]{subsubsection.12.2.1}{\376\377\000M\000e\000m\000o\000r\000y\000\040\000C\000o\000n\000s\000u\000m\000p\000t\000i\000o\000n}{subsection.12.2}% 212
\BOOKMARK [3][-]{subsubsection.12.2.2}{\376\377\000M\000e\000m\000o\000r\000y\000\040\000S\000c\000a\000l\000i\000n\000g}{subsection.12.2}% 213
\BOOKMARK [3][-]{subsubsection.12.2.3}{\376\377\000M\000e\000m\000o\000r\000y\000\040\000E\000f\000f\000i\000c\000i\000e\000n\000c\000y\000\040\000S\000c\000o\000r\000e}{subsection.12.2}% 214
\BOOKMARK [2][-]{subsection.12.3}{\376\377\000C\000o\000n\000t\000e\000x\000t\000\040\000W\000i\000n\000d\000o\000w\000\040\000R\000e\000s\000u\000l\000t\000s}{section.12}% 215
\BOOKMARK [3][-]{subsubsection.12.3.1}{\376\377\000N\000e\000e\000d\000l\000e\000-\000i\000n\000-\000H\000a\000y\000s\000t\000a\000c\000k}{subsection.12.3}% 216
\BOOKMARK [3][-]{subsubsection.12.3.2}{\376\377\000M\000a\000x\000i\000m\000u\000m\000\040\000C\000o\000n\000t\000e\000x\000t}{subsection.12.3}% 217
\BOOKMARK [2][-]{subsection.12.4}{\376\377\000Q\000u\000a\000l\000i\000t\000y\000\040\000R\000e\000s\000u\000l\000t\000s}{section.12}% 218
\BOOKMARK [3][-]{subsubsection.12.4.1}{\376\377\000O\000v\000e\000r\000a\000l\000l\000\040\000Q\000u\000a\000l\000i\000t\000y\000\040\000S\000c\000o\000r\000e}{subsection.12.4}% 219
\BOOKMARK [3][-]{subsubsection.12.4.2}{\376\377\000T\000a\000s\000k\000\040\000P\000e\000r\000f\000o\000r\000m\000a\000n\000c\000e}{subsection.12.4}% 220
\BOOKMARK [2][-]{subsection.12.5}{\376\377\000Q\000u\000a\000n\000t\000i\000z\000a\000t\000i\000o\000n\000\040\000C\000o\000m\000p\000a\000r\000i\000s\000o\000n}{section.12}% 221
\BOOKMARK [2][-]{subsection.12.6}{\376\377\000B\000a\000c\000k\000e\000n\000d\000\040\000C\000o\000m\000p\000a\000r\000i\000s\000o\000n}{section.12}% 222
\BOOKMARK [2][-]{subsection.12.7}{\376\377\000S\000u\000m\000m\000a\000r\000y\000\040\000o\000f\000\040\000T\000a\000r\000g\000e\000t\000\040\000A\000c\000h\000i\000e\000v\000e\000m\000e\000n\000t}{section.12}% 223
\BOOKMARK [1][-]{section.13}{\376\377\000A\000n\000a\000l\000y\000s\000i\000s}{}% 224
\BOOKMARK [2][-]{subsection.13.1}{\376\377\000P\000e\000r\000f\000o\000r\000m\000a\000n\000c\000e\000\040\000A\000n\000a\000l\000y\000s\000i\000s}{section.13}% 225
\BOOKMARK [3][-]{subsubsection.13.1.1}{\376\377\000T\000h\000r\000o\000u\000g\000h\000p\000u\000t\000\040\000C\000h\000a\000r\000a\000c\000t\000e\000r\000i\000z\000a\000t\000i\000o\000n}{subsection.13.1}% 226
\BOOKMARK [3][-]{subsubsection.13.1.2}{\376\377\000S\000c\000a\000l\000i\000n\000g\000\040\000B\000e\000h\000a\000v\000i\000o\000r}{subsection.13.1}% 227
\BOOKMARK [2][-]{subsection.13.2}{\376\377\000M\000e\000m\000o\000r\000y\000\040\000A\000n\000a\000l\000y\000s\000i\000s}{section.13}% 228
\BOOKMARK [3][-]{subsubsection.13.2.1}{\376\377\000B\000u\000d\000g\000e\000t\000\040\000U\000t\000i\000l\000i\000z\000a\000t\000i\000o\000n}{subsection.13.2}% 229
\BOOKMARK [3][-]{subsubsection.13.2.2}{\376\377\000L\000i\000n\000e\000a\000r\000\040\000S\000c\000a\000l\000i\000n\000g\000\040\000V\000e\000r\000i\000f\000i\000c\000a\000t\000i\000o\000n}{subsection.13.2}% 230
\BOOKMARK [2][-]{subsection.13.3}{\376\377\000Q\000u\000a\000l\000i\000t\000y\000\040\000A\000n\000a\000l\000y\000s\000i\000s}{section.13}% 231
\BOOKMARK [3][-]{subsubsection.13.3.1}{\376\377\000Q\000u\000a\000n\000t\000i\000z\000a\000t\000i\000o\000n\000\040\000I\000m\000p\000a\000c\000t}{subsection.13.3}% 232
\BOOKMARK [3][-]{subsubsection.13.3.2}{\376\377\000K\000V\000\040\000C\000a\000c\000h\000e\000\040\000C\000o\000m\000p\000r\000e\000s\000s\000i\000o\000n\000\040\000I\000m\000p\000a\000c\000t}{subsection.13.3}% 233
\BOOKMARK [3][-]{subsubsection.13.3.3}{\376\377\000E\000f\000f\000i\000c\000i\000e\000n\000c\000y\000-\000Q\000u\000a\000l\000i\000t\000y\000\040\000T\000r\000a\000d\000e\000-\000o\000f\000f}{subsection.13.3}% 234
\BOOKMARK [2][-]{subsection.13.4}{\376\377\000H\000a\000r\000d\000w\000a\000r\000e\000\040\000U\000t\000i\000l\000i\000z\000a\000t\000i\000o\000n}{section.13}% 235
\BOOKMARK [3][-]{subsubsection.13.4.1}{\376\377\000C\000P\000U\000\040\000U\000t\000i\000l\000i\000z\000a\000t\000i\000o\000n}{subsection.13.4}% 236
\BOOKMARK [3][-]{subsubsection.13.4.2}{\376\377\000C\000a\000c\000h\000e\000\040\000E\000f\000f\000i\000c\000i\000e\000n\000c\000y}{subsection.13.4}% 237
\BOOKMARK [2][-]{subsection.13.5}{\376\377\000C\000o\000m\000p\000a\000r\000i\000s\000o\000n\000\040\000w\000i\000t\000h\000\040\000L\000i\000t\000e\000r\000a\000t\000u\000r\000e}{section.13}% 238
\BOOKMARK [3][-]{subsubsection.13.5.1}{\376\377\000l\000l\000a\000m\000a\000.\000c\000p\000p\000\040\000B\000a\000s\000e\000l\000i\000n\000e}{subsection.13.5}% 239
\BOOKMARK [3][-]{subsubsection.13.5.2}{\376\377\000O\000t\000h\000e\000r\000\040\0002\000.\0007\000B\000\040\000M\000o\000d\000e\000l\000s}{subsection.13.5}% 240
\BOOKMARK [2][-]{subsection.13.6}{\376\377\000L\000i\000m\000i\000t\000a\000t\000i\000o\000n\000s}{section.13}% 241
\BOOKMARK [3][-]{subsubsection.13.6.1}{\376\377\000H\000a\000r\000d\000w\000a\000r\000e\000\040\000S\000p\000e\000c\000i\000f\000i\000c\000i\000t\000y}{subsection.13.6}% 242
\BOOKMARK [3][-]{subsubsection.13.6.2}{\376\377\000M\000o\000d\000e\000l\000\040\000S\000p\000e\000c\000i\000f\000i\000c\000i\000t\000y}{subsection.13.6}% 243
\BOOKMARK [3][-]{subsubsection.13.6.3}{\376\377\000C\000o\000n\000t\000e\000x\000t\000\040\000W\000i\000n\000d\000o\000w\000\040\000A\000s\000s\000u\000m\000p\000t\000i\000o\000n\000s}{subsection.13.6}% 244
\BOOKMARK [2][-]{subsection.13.7}{\376\377\000S\000t\000a\000t\000i\000s\000t\000i\000c\000a\000l\000\040\000S\000i\000g\000n\000i\000f\000i\000c\000a\000n\000c\000e}{section.13}% 245
\BOOKMARK [2][-]{subsection.13.8}{\376\377\000R\000e\000p\000r\000o\000d\000u\000c\000i\000b\000i\000l\000i\000t\000y\000\040\000A\000s\000s\000e\000s\000s\000m\000e\000n\000t}{section.13}% 246
\BOOKMARK [2][-]{subsection.13.9}{\376\377\000P\000r\000a\000c\000t\000i\000c\000a\000l\000\040\000I\000m\000p\000l\000i\000c\000a\000t\000i\000o\000n\000s}{section.13}% 247
\BOOKMARK [3][-]{subsubsection.13.9.1}{\376\377\000D\000e\000p\000l\000o\000y\000m\000e\000n\000t\000\040\000V\000i\000a\000b\000i\000l\000i\000t\000y}{subsection.13.9}% 248
\BOOKMARK [3][-]{subsubsection.13.9.2}{\376\377\000C\000o\000s\000t\000\040\000C\000o\000n\000s\000i\000d\000e\000r\000a\000t\000i\000o\000n\000s}{subsection.13.9}% 249
\BOOKMARK [2][-]{subsection.13.10}{\376\377\000F\000u\000t\000u\000r\000e\000\040\000O\000p\000t\000i\000m\000i\000z\000a\000t\000i\000o\000n\000\040\000O\000p\000p\000o\000r\000t\000u\000n\000i\000t\000i\000e\000s}{section.13}% 250
\BOOKMARK [1][-]{section.14}{\376\377\000R\000e\000l\000a\000t\000e\000d\000\040\000W\000o\000r\000k}{}% 251
\BOOKMARK [2][-]{subsection.14.1}{\376\377\000E\000f\000f\000i\000c\000i\000e\000n\000t\000\040\000L\000L\000M\000\040\000I\000n\000f\000e\000r\000e\000n\000c\000e}{section.14}% 252
\BOOKMARK [3][-]{subsubsection.14.1.1}{\376\377\000Q\000u\000a\000n\000t\000i\000z\000a\000t\000i\000o\000n\000\040\000R\000e\000s\000e\000a\000r\000c\000h}{subsection.14.1}% 253
\BOOKMARK [3][-]{subsubsection.14.1.2}{\376\377\000K\000V\000\040\000C\000a\000c\000h\000e\000\040\000O\000p\000t\000i\000m\000i\000z\000a\000t\000i\000o\000n}{subsection.14.1}% 254
\BOOKMARK [3][-]{subsubsection.14.1.3}{\376\377\000C\000P\000U\000\040\000I\000n\000f\000e\000r\000e\000n\000c\000e\000\040\000O\000p\000t\000i\000m\000i\000z\000a\000t\000i\000o\000n}{subsection.14.1}% 255
\BOOKMARK [2][-]{subsection.14.2}{\376\377\000L\000o\000c\000a\000l\000\040\000L\000L\000M\000\040\000D\000e\000p\000l\000o\000y\000m\000e\000n\000t}{section.14}% 256
\BOOKMARK [3][-]{subsubsection.14.2.1}{\376\377\000C\000o\000n\000s\000u\000m\000e\000r\000\040\000H\000a\000r\000d\000w\000a\000r\000e\000\040\000R\000e\000s\000e\000a\000r\000c\000h}{subsection.14.2}% 257
\BOOKMARK [3][-]{subsubsection.14.2.2}{\376\377\000M\000o\000b\000i\000l\000e\000\040\000a\000n\000d\000\040\000E\000d\000g\000e\000\040\000D\000e\000p\000l\000o\000y\000m\000e\000n\000t}{subsection.14.2}% 258
\BOOKMARK [2][-]{subsection.14.3}{\376\377\000M\000i\000n\000i\000M\000a\000x\000\040\000M\000o\000d\000e\000l\000\040\000F\000a\000m\000i\000l\000y}{section.14}% 259
\BOOKMARK [2][-]{subsection.14.4}{\376\377\000M\000e\000m\000o\000r\000y\000\040\000M\000a\000n\000a\000g\000e\000m\000e\000n\000t\000\040\000f\000o\000r\000\040\000L\000L\000M\000s}{section.14}% 260
\BOOKMARK [3][-]{subsubsection.14.4.1}{\376\377\000D\000y\000n\000a\000m\000i\000c\000\040\000M\000e\000m\000o\000r\000y\000\040\000A\000p\000p\000r\000o\000a\000c\000h\000e\000s}{subsection.14.4}% 261
\BOOKMARK [2][-]{subsection.14.5}{\376\377\000C\000o\000m\000p\000a\000r\000i\000s\000o\000n\000\040\000w\000i\000t\000h\000\040\000C\000o\000n\000c\000u\000r\000r\000e\000n\000t\000\040\000W\000o\000r\000k}{section.14}% 262
\BOOKMARK [2][-]{subsection.14.6}{\376\377\000R\000e\000s\000e\000a\000r\000c\000h\000\040\000G\000a\000p\000s\000\040\000A\000d\000d\000r\000e\000s\000s\000e\000d}{section.14}% 263
\BOOKMARK [2][-]{subsection.14.7}{\376\377\000B\000r\000o\000a\000d\000e\000r\000\040\000C\000o\000n\000t\000e\000x\000t}{section.14}% 264
\BOOKMARK [3][-]{subsubsection.14.7.1}{\376\377\000D\000e\000m\000o\000c\000r\000a\000t\000i\000z\000a\000t\000i\000o\000n\000\040\000o\000f\000\040\000A\000I}{subsection.14.7}% 265
\BOOKMARK [3][-]{subsubsection.14.7.2}{\376\377\000E\000n\000v\000i\000r\000o\000n\000m\000e\000n\000t\000a\000l\000\040\000C\000o\000n\000s\000i\000d\000e\000r\000a\000t\000i\000o\000n\000s}{subsection.14.7}% 266
\BOOKMARK [2][-]{subsection.14.8}{\376\377\000S\000a\000f\000e\000t\000y\000\040\000a\000n\000d\000\040\000E\000t\000h\000i\000c\000s}{section.14}% 267
\BOOKMARK [3][-]{subsubsection.14.8.1}{\376\377\000D\000u\000a\000l\000-\000U\000s\000e\000\040\000C\000o\000n\000c\000e\000r\000n\000s}{subsection.14.8}% 268
\BOOKMARK [3][-]{subsubsection.14.8.2}{\376\377\000B\000i\000a\000s\000\040\000a\000n\000d\000\040\000F\000a\000i\000r\000n\000e\000s\000s}{subsection.14.8}% 269
\BOOKMARK [1][-]{section.15}{\376\377\000F\000u\000t\000u\000r\000e\000\040\000W\000o\000r\000k}{}% 270
\BOOKMARK [2][-]{subsection.15.1}{\376\377\000I\000m\000m\000e\000d\000i\000a\000t\000e\000\040\000I\000m\000p\000r\000o\000v\000e\000m\000e\000n\000t\000s}{section.15}% 271
\BOOKMARK [3][-]{subsubsection.15.1.1}{\376\377\000S\000p\000e\000c\000u\000l\000a\000t\000i\000v\000e\000\040\000D\000e\000c\000o\000d\000i\000n\000g}{subsection.15.1}% 272
\BOOKMARK [3][-]{subsubsection.15.1.2}{\376\377\000B\000e\000t\000t\000e\000r\000\040\000K\000V\000\040\000C\000a\000c\000h\000e\000\040\000M\000a\000n\000a\000g\000e\000m\000e\000n\000t}{subsection.15.1}% 273
\BOOKMARK [3][-]{subsubsection.15.1.3}{\376\377\000M\000u\000l\000t\000i\000-\000Q\000u\000e\000r\000y\000\040\000A\000t\000t\000e\000n\000t\000i\000o\000n}{subsection.15.1}% 274
\BOOKMARK [2][-]{subsection.15.2}{\376\377\000A\000r\000c\000h\000i\000t\000e\000c\000t\000u\000r\000e\000\040\000E\000x\000t\000e\000n\000s\000i\000o\000n\000s}{section.15}% 275
\BOOKMARK [3][-]{subsubsection.15.2.1}{\376\377\000A\000d\000d\000i\000t\000i\000o\000n\000a\000l\000\040\000B\000a\000c\000k\000e\000n\000d\000s}{subsection.15.2}% 276
\BOOKMARK [3][-]{subsubsection.15.2.2}{\376\377\000V\000i\000s\000i\000o\000n\000\040\000M\000o\000d\000e\000l\000\040\000I\000n\000t\000e\000g\000r\000a\000t\000i\000o\000n}{subsection.15.2}% 277
\BOOKMARK [3][-]{subsubsection.15.2.3}{\376\377\000T\000o\000o\000l\000\040\000E\000c\000o\000s\000y\000s\000t\000e\000m}{subsection.15.2}% 278
\BOOKMARK [2][-]{subsection.15.3}{\376\377\000R\000e\000s\000e\000a\000r\000c\000h\000\040\000D\000i\000r\000e\000c\000t\000i\000o\000n\000s}{section.15}% 279
\BOOKMARK [3][-]{subsubsection.15.3.1}{\376\377\000Q\000u\000a\000n\000t\000i\000z\000a\000t\000i\000o\000n\000\040\000R\000e\000s\000e\000a\000r\000c\000h}{subsection.15.3}% 280
\BOOKMARK [3][-]{subsubsection.15.3.2}{\376\377\000M\000e\000m\000o\000r\000y\000\040\000O\000p\000t\000i\000m\000i\000z\000a\000t\000i\000o\000n}{subsection.15.3}% 281
\BOOKMARK [3][-]{subsubsection.15.3.3}{\376\377\000H\000a\000r\000d\000w\000a\000r\000e\000\040\000E\000x\000p\000l\000o\000r\000a\000t\000i\000o\000n}{subsection.15.3}% 282
\BOOKMARK [2][-]{subsection.15.4}{\376\377\000Q\000u\000a\000l\000i\000t\000y\000\040\000I\000m\000p\000r\000o\000v\000e\000m\000e\000n\000t\000s}{section.15}% 283
\BOOKMARK [3][-]{subsubsection.15.4.1}{\376\377\000F\000i\000n\000e\000-\000T\000u\000n\000i\000n\000g\000\040\000f\000o\000r\000\040\000Q\000u\000a\000n\000t\000i\000z\000a\000t\000i\000o\000n}{subsection.15.4}% 284
\BOOKMARK [3][-]{subsubsection.15.4.2}{\376\377\000R\000e\000t\000r\000i\000e\000v\000a\000l\000-\000A\000u\000g\000m\000e\000n\000t\000e\000d\000\040\000G\000e\000n\000e\000r\000a\000t\000i\000o\000n}{subsection.15.4}% 285
\BOOKMARK [2][-]{subsection.15.5}{\376\377\000U\000s\000e\000r\000\040\000E\000x\000p\000e\000r\000i\000e\000n\000c\000e}{section.15}% 286
\BOOKMARK [3][-]{subsubsection.15.5.1}{\376\377\000D\000e\000p\000l\000o\000y\000m\000e\000n\000t\000\040\000T\000o\000o\000l\000s}{subsection.15.5}% 287
\BOOKMARK [3][-]{subsubsection.15.5.2}{\376\377\000A\000P\000I\000\040\000C\000o\000m\000p\000a\000t\000i\000b\000i\000l\000i\000t\000y}{subsection.15.5}% 288
\BOOKMARK [2][-]{subsection.15.6}{\376\377\000E\000v\000a\000l\000u\000a\000t\000i\000o\000n\000\040\000E\000x\000p\000a\000n\000s\000i\000o\000n}{section.15}% 289
\BOOKMARK [3][-]{subsubsection.15.6.1}{\376\377\000L\000o\000n\000g\000-\000C\000o\000n\000t\000e\000x\000t\000\040\000B\000e\000n\000c\000h\000m\000a\000r\000k\000s}{subsection.15.6}% 290
\BOOKMARK [3][-]{subsubsection.15.6.2}{\376\377\000R\000e\000a\000l\000-\000W\000o\000r\000l\000d\000\040\000E\000v\000a\000l\000u\000a\000t\000i\000o\000n}{subsection.15.6}% 291
\BOOKMARK [2][-]{subsection.15.7}{\376\377\000C\000o\000m\000m\000u\000n\000i\000t\000y\000\040\000a\000n\000d\000\040\000E\000c\000o\000s\000y\000s\000t\000e\000m}{section.15}% 292
\BOOKMARK [3][-]{subsubsection.15.7.1}{\376\377\000D\000o\000c\000u\000m\000e\000n\000t\000a\000t\000i\000o\000n}{subsection.15.7}% 293
\BOOKMARK [3][-]{subsubsection.15.7.2}{\376\377\000C\000o\000n\000t\000r\000i\000b\000u\000t\000i\000o\000n\000s}{subsection.15.7}% 294
\BOOKMARK [2][-]{subsection.15.8}{\376\377\000L\000o\000n\000g\000-\000T\000e\000r\000m\000\040\000V\000i\000s\000i\000o\000n}{section.15}% 295
\BOOKMARK [1][-]{section.16}{\376\377\000C\000o\000n\000c\000l\000u\000s\000i\000o\000n}{}% 296
\BOOKMARK [2][-]{subsection.16.1}{\376\377\000S\000u\000m\000m\000a\000r\000y}{section.16}% 297
\BOOKMARK [2][-]{subsection.16.2}{\376\377\000K\000e\000y\000\040\000C\000o\000n\000t\000r\000i\000b\000u\000t\000i\000o\000n\000s}{section.16}% 298
\BOOKMARK [2][-]{subsection.16.3}{\376\377\000I\000m\000p\000l\000i\000c\000a\000t\000i\000o\000n\000s}{section.16}% 299
\BOOKMARK [3][-]{subsubsection.16.3.1}{\376\377\000F\000o\000r\000\040\000R\000e\000s\000e\000a\000r\000c\000h\000e\000r\000s}{subsection.16.3}% 300
\BOOKMARK [3][-]{subsubsection.16.3.2}{\376\377\000F\000o\000r\000\040\000P\000r\000a\000c\000t\000i\000t\000i\000o\000n\000e\000r\000s}{subsection.16.3}% 301
\BOOKMARK [3][-]{subsubsection.16.3.3}{\376\377\000F\000o\000r\000\040\000t\000h\000e\000\040\000F\000i\000e\000l\000d}{subsection.16.3}% 302
\BOOKMARK [2][-]{subsection.16.4}{\376\377\000L\000i\000m\000i\000t\000a\000t\000i\000o\000n\000s\000\040\000a\000n\000d\000\040\000C\000a\000v\000e\000a\000t\000s}{section.16}% 303
\BOOKMARK [2][-]{subsection.16.5}{\376\377\000C\000a\000l\000l\000\040\000t\000o\000\040\000A\000c\000t\000i\000o\000n}{section.16}% 304
\BOOKMARK [2][-]{subsection.16.6}{\376\377\000F\000i\000n\000a\000l\000\040\000T\000h\000o\000u\000g\000h\000t\000s}{section.16}% 305
\BOOKMARK [1][-]{section*.31}{\376\377\000A\000c\000k\000n\000o\000w\000l\000e\000d\000g\000m\000e\000n\000t\000s}{}% 306
\BOOKMARK [1][-]{appendix.A}{\376\377\000A\000p\000p\000e\000n\000d\000i\000x\000\040\000A\000:\000\040\000D\000e\000t\000a\000i\000l\000e\000d\000\040\000B\000e\000n\000c\000h\000m\000a\000r\000k\000\040\000R\000e\000s\000u\000l\000t\000s}{}% 307
\BOOKMARK [2][-]{subsection.A.1}{\376\377\000R\000a\000w\000\040\000P\000e\000r\000f\000o\000r\000m\000a\000n\000c\000e\000\040\000D\000a\000t\000a}{appendix.A}% 308
\BOOKMARK [2][-]{subsection.A.2}{\376\377\000M\000e\000m\000o\000r\000y\000\040\000P\000r\000o\000f\000i\000l\000i\000n\000g\000\040\000T\000r\000a\000c\000e\000s}{appendix.A}% 309
\BOOKMARK [2][-]{subsection.A.3}{\376\377\000C\000o\000n\000t\000e\000x\000t\000\040\000R\000e\000t\000r\000i\000e\000v\000a\000l\000\040\000D\000e\000t\000a\000i\000l\000e\000d\000\040\000R\000e\000s\000u\000l\000t\000s}{appendix.A}% 310
\BOOKMARK [2][-]{subsection.A.4}{\376\377\000Q\000u\000a\000l\000i\000t\000y\000\040\000B\000e\000n\000c\000h\000m\000a\000r\000k\000\040\000R\000a\000w\000\040\000D\000a\000t\000a}{appendix.A}% 311
\BOOKMARK [2][-]{subsection.A.5}{\376\377\000S\000y\000s\000t\000e\000m\000\040\000I\000n\000f\000o\000r\000m\000a\000t\000i\000o\000n}{appendix.A}% 312
\BOOKMARK [1][-]{appendix.B}{\376\377\000A\000p\000p\000e\000n\000d\000i\000x\000\040\000B\000:\000\040\000C\000o\000n\000f\000i\000g\000u\000r\000a\000t\000i\000o\000n\000\040\000R\000e\000f\000e\000r\000e\000n\000c\000e}{}% 313
\BOOKMARK [2][-]{subsection.B.1}{\376\377\000M\0007\000C\000o\000n\000f\000i\000g\000\040\000F\000u\000l\000l\000\040\000R\000e\000f\000e\000r\000e\000n\000c\000e}{appendix.B}% 314
\BOOKMARK [2][-]{subsection.B.2}{\376\377\000C\000o\000n\000f\000i\000g\000u\000r\000a\000t\000i\000o\000n\000\040\000F\000i\000l\000e\000\040\000F\000o\000r\000m\000a\000t}{appendix.B}% 315
\BOOKMARK [2][-]{subsection.B.3}{\376\377\000B\000a\000c\000k\000e\000n\000d\000\040\000C\000o\000n\000f\000i\000g\000u\000r\000a\000t\000i\000o\000n}{appendix.B}% 316
\BOOKMARK [3][-]{subsubsection.B.3.1}{\376\377\000l\000l\000a\000m\000a\000.\000c\000p\000p\000\040\000B\000a\000c\000k\000e\000n\000d}{subsection.B.3}% 317
\BOOKMARK [3][-]{subsubsection.B.3.2}{\376\377\000T\000r\000a\000n\000s\000f\000o\000r\000m\000e\000r\000s\000\040\000B\000a\000c\000k\000e\000n\000d}{subsection.B.3}% 318
\BOOKMARK [2][-]{subsection.B.4}{\376\377\000Q\000u\000a\000n\000t\000i\000z\000a\000t\000i\000o\000n\000\040\000S\000e\000l\000e\000c\000t\000i\000o\000n\000\040\000G\000u\000i\000d\000e}{appendix.B}% 319
\BOOKMARK [2][-]{subsection.B.5}{\376\377\000C\000o\000n\000t\000e\000x\000t\000\040\000W\000i\000n\000d\000o\000w\000\040\000S\000i\000z\000i\000n\000g}{appendix.B}% 320
\BOOKMARK [2][-]{subsection.B.6}{\376\377\000P\000e\000r\000f\000o\000r\000m\000a\000n\000c\000e\000\040\000T\000u\000n\000i\000n\000g}{appendix.B}% 321
\BOOKMARK [3][-]{subsubsection.B.6.1}{\376\377\000T\000h\000r\000e\000a\000d\000\040\000C\000o\000u\000n\000t}{subsection.B.6}% 322
\BOOKMARK [3][-]{subsubsection.B.6.2}{\376\377\000B\000a\000t\000c\000h\000\040\000S\000i\000z\000e}{subsection.B.6}% 323
\BOOKMARK [2][-]{subsection.B.7}{\376\377\000E\000n\000v\000i\000r\000o\000n\000m\000e\000n\000t\000\040\000V\000a\000r\000i\000a\000b\000l\000e\000s}{appendix.B}% 324
\BOOKMARK [1][-]{appendix.C}{\376\377\000A\000p\000p\000e\000n\000d\000i\000x\000\040\000C\000:\000\040\000C\000o\000d\000e\000\040\000R\000e\000p\000o\000s\000i\000t\000o\000r\000y}{}% 325
\BOOKMARK [2][-]{subsection.C.1}{\376\377\000R\000e\000p\000o\000s\000i\000t\000o\000r\000y\000\040\000S\000t\000r\000u\000c\000t\000u\000r\000e}{appendix.C}% 326
\BOOKMARK [2][-]{subsection.C.2}{\376\377\000I\000n\000s\000t\000a\000l\000l\000a\000t\000i\000o\000n}{appendix.C}% 327
\BOOKMARK [3][-]{subsubsection.C.2.1}{\376\377\000Q\000u\000i\000c\000k\000\040\000I\000n\000s\000t\000a\000l\000l}{subsection.C.2}% 328
\BOOKMARK [3][-]{subsubsection.C.2.2}{\376\377\000D\000e\000v\000e\000l\000o\000p\000m\000e\000n\000t\000\040\000I\000n\000s\000t\000a\000l\000l}{subsection.C.2}% 329
\BOOKMARK [2][-]{subsection.C.3}{\376\377\000Q\000u\000i\000c\000k\000\040\000S\000t\000a\000r\000t\000\040\000E\000x\000a\000m\000p\000l\000e}{appendix.C}% 330
\BOOKMARK [2][-]{subsection.C.4}{\376\377\000R\000u\000n\000n\000i\000n\000g\000\040\000B\000e\000n\000c\000h\000m\000a\000r\000k\000s}{appendix.C}% 331
\BOOKMARK [2][-]{subsection.C.5}{\376\377\000L\000i\000c\000e\000n\000s\000e}{appendix.C}% 332
\BOOKMARK [2][-]{subsection.C.6}{\376\377\000C\000o\000n\000t\000r\000i\000b\000u\000t\000i\000n\000g}{appendix.C}% 333
\BOOKMARK [2][-]{subsection.C.7}{\376\377\000A\000c\000k\000n\000o\000w\000l\000e\000d\000g\000m\000e\000n\000t\000s}{appendix.C}% 334
\BOOKMARK [2][-]{subsection.C.8}{\376\377\000C\000o\000n\000t\000a\000c\000t}{appendix.C}% 335
